  Demo.cpp
c:\users\ilham\documents\visual studio 2015\projects\pemrograman_game\vs\project\demo.cpp(1440): warning C4305: '=': truncation from 'double' to 'float'
c:\users\ilham\documents\visual studio 2015\projects\pemrograman_game\vs\project\demo.cpp(1441): warning C4305: '=': truncation from 'double' to 'float'
c:\users\ilham\documents\visual studio 2015\projects\pemrograman_game\vs\project\demo.cpp(1515): warning C4305: '=': truncation from 'double' to 'float'
c:\users\ilham\documents\visual studio 2015\projects\pemrograman_game\vs\project\demo.cpp(1516): warning C4305: '=': truncation from 'double' to 'float'
c:\users\ilham\documents\visual studio 2015\projects\pemrograman_game\vs\project\demo.cpp(1589): warning C4305: '=': truncation from 'double' to 'float'
c:\users\ilham\documents\visual studio 2015\projects\pemrograman_game\vs\project\demo.cpp(1590): warning C4305: '=': truncation from 'double' to 'float'
c:\users\ilham\documents\visual studio 2015\projects\pemrograman_game\vs\project\demo.cpp(1663): warning C4305: '=': truncation from 'double' to 'float'
c:\users\ilham\documents\visual studio 2015\projects\pemrograman_game\vs\project\demo.cpp(1735): warning C4305: '=': truncation from 'double' to 'float'
c:\users\ilham\documents\visual studio 2015\projects\pemrograman_game\vs\project\demo.cpp(1736): warning C4305: '=': truncation from 'double' to 'float'
c:\users\ilham\documents\visual studio 2015\projects\pemrograman_game\vs\project\demo.cpp(1808): warning C4305: '=': truncation from 'double' to 'float'
c:\users\ilham\documents\visual studio 2015\projects\pemrograman_game\vs\project\demo.cpp(1809): warning C4305: '=': truncation from 'double' to 'float'
c:\users\ilham\documents\visual studio 2015\projects\pemrograman_game\vs\project\demo.cpp(1881): warning C4305: '=': truncation from 'double' to 'float'
c:\users\ilham\documents\visual studio 2015\projects\pemrograman_game\vs\project\demo.cpp(1882): warning C4305: '=': truncation from 'double' to 'float'
c:\users\ilham\documents\visual studio 2015\projects\pemrograman_game\vs\project\demo.cpp(1955): warning C4305: '=': truncation from 'double' to 'float'
c:\users\ilham\documents\visual studio 2015\projects\pemrograman_game\vs\project\demo.cpp(2028): warning C4305: '=': truncation from 'double' to 'float'
c:\users\ilham\documents\visual studio 2015\projects\pemrograman_game\vs\project\demo.cpp(2029): warning C4305: '=': truncation from 'double' to 'float'
c:\users\ilham\documents\visual studio 2015\projects\pemrograman_game\vs\project\demo.cpp(2102): warning C4305: '=': truncation from 'double' to 'float'
c:\users\ilham\documents\visual studio 2015\projects\pemrograman_game\vs\project\demo.cpp(2103): warning C4305: '=': truncation from 'double' to 'float'
c:\users\ilham\documents\visual studio 2015\projects\pemrograman_game\vs\project\demo.cpp(2176): warning C4305: '=': truncation from 'double' to 'float'
c:\users\ilham\documents\visual studio 2015\projects\pemrograman_game\vs\project\demo.cpp(2177): warning C4305: '=': truncation from 'double' to 'float'
c:\users\ilham\documents\visual studio 2015\projects\pemrograman_game\vs\project\demo.cpp(2250): warning C4305: '=': truncation from 'double' to 'float'
c:\users\ilham\documents\visual studio 2015\projects\pemrograman_game\vs\project\demo.cpp(2251): warning C4305: '=': truncation from 'double' to 'float'
  DearImGui.lib(imgui.obj) : MSIL .netmodule or module compiled with /GL found; restarting link with /LTCG; add /LTCG to the link command line to improve linker performance
LINK : warning LNK4075: ignoring '/INCREMENTAL' due to '/LTCG' specification
Demo.obj : warning LNK4075: ignoring '/EDITANDCONTINUE' due to '/OPT:LBR' specification
LINK : warning LNK4098: defaultlib 'MSVCRT' conflicts with use of other libs; use /NODEFAULTLIB:library
  Generating code
  Finished generating code
DearImGui.lib(imgui.obj) : warning LNK4099: PDB 'DearImGui.pdb' was not found with 'DearImGui.lib(imgui.obj)' or at 'C:\Users\ILHAM\Documents\Visual Studio 2015\Projects\Pemrograman_Game\vs\Debug\DearImGui.pdb'; linking object as if no debug info
DearImGui.lib(imgui_impl_sdl_gl3.obj) : warning LNK4099: PDB 'DearImGui.pdb' was not found with 'DearImGui.lib(imgui_impl_sdl_gl3.obj)' or at 'C:\Users\ILHAM\Documents\Visual Studio 2015\Projects\Pemrograman_Game\vs\Debug\DearImGui.pdb'; linking object as if no debug info
DearImGui.lib(imgui_draw.obj) : warning LNK4099: PDB 'DearImGui.pdb' was not found with 'DearImGui.lib(imgui_draw.obj)' or at 'C:\Users\ILHAM\Documents\Visual Studio 2015\Projects\Pemrograman_Game\vs\Debug\DearImGui.pdb'; linking object as if no debug info
SOIL.lib(image_DXT.obj) : warning LNK4099: PDB 'vc110.pdb' was not found with 'SOIL.lib(image_DXT.obj)' or at 'C:\Users\ILHAM\Documents\Visual Studio 2015\Projects\Pemrograman_Game\vs\Debug\vc110.pdb'; linking object as if no debug info
SOIL.lib(image_helper.obj) : warning LNK4099: PDB 'vc110.pdb' was not found with 'SOIL.lib(image_helper.obj)' or at 'C:\Users\ILHAM\Documents\Visual Studio 2015\Projects\Pemrograman_Game\vs\Debug\vc110.pdb'; linking object as if no debug info
SOIL.lib(SOIL.obj) : warning LNK4099: PDB 'vc110.pdb' was not found with 'SOIL.lib(SOIL.obj)' or at 'C:\Users\ILHAM\Documents\Visual Studio 2015\Projects\Pemrograman_Game\vs\Debug\vc110.pdb'; linking object as if no debug info
SOIL.lib(stb_image_aug.obj) : warning LNK4099: PDB 'vc110.pdb' was not found with 'SOIL.lib(stb_image_aug.obj)' or at 'C:\Users\ILHAM\Documents\Visual Studio 2015\Projects\Pemrograman_Game\vs\Debug\vc110.pdb'; linking object as if no debug info
  Project.vcxproj -> C:\Users\ILHAM\Documents\Visual Studio 2015\Projects\Pemrograman_Game\vs\Debug\Project.exe
  Project.vcxproj -> C:\Users\ILHAM\Documents\Visual Studio 2015\Projects\Pemrograman_Game\vs\Debug\Project.pdb (Partial PDB)
